<?xml version="1.0" encoding="UTF-8"?>
<!-- Generated by org.testng.reporters.JUnitReportReporter -->
<testsuite hostname="DESKTOP-VJDPDQH" failures="0" tests="2" name="restassuredapi.trello" time="6.398" errors="0" timestamp="2023-11-20T12:57:20 IST" skipped="0">
  <testcase classname="restassuredapi.trello" name="delboard" time="1.407"/>
  <system-out/>
  <testcase classname="restassuredapi.trello" name="createboard" time="4.991"/>
  <system-out/>
</testsuite> <!-- restassuredapi.trello -->
